2021-10-27 17:41:38,411 INFO    MainThread:21672 [internal.py:wandb_internal():88] W&B internal server running at pid: 21672, started at: 2021-10-27 17:41:38.411582
2021-10-27 17:41:38,413 INFO    WriterThread:21672 [datastore.py:open_for_write():77] open: /Users/alexanderveicht/Desktop/Semester1/Advanced Machine Learning/Tasks.nosync/task1/wandb/run-20211027_174137-2qe0860e/run-2qe0860e.wandb
2021-10-27 17:41:38,413 DEBUG   HandlerThread:21672 [handler.py:handle_request():130] handle_request: check_version
2021-10-27 17:41:38,415 DEBUG   SenderThread:21672 [sender.py:send():185] send: header
2021-10-27 17:41:38,415 DEBUG   SenderThread:21672 [sender.py:send_request():199] send_request: check_version
2021-10-27 17:41:38,532 DEBUG   SenderThread:21672 [sender.py:send():185] send: run
2021-10-27 17:41:38,712 INFO    SenderThread:21672 [dir_watcher.py:__init__():169] watching files in: /Users/alexanderveicht/Desktop/Semester1/Advanced Machine Learning/Tasks.nosync/task1/wandb/run-20211027_174137-2qe0860e/files
2021-10-27 17:41:38,712 INFO    SenderThread:21672 [sender.py:_start_run_threads():768] run started: 2qe0860e with start time 1635349297
2021-10-27 17:41:38,712 DEBUG   SenderThread:21672 [sender.py:send():185] send: summary
2021-10-27 17:41:38,712 INFO    SenderThread:21672 [sender.py:_save_file():901] saving file wandb-summary.json with policy end
2021-10-27 17:41:38,713 DEBUG   HandlerThread:21672 [handler.py:handle_request():130] handle_request: run_start
2021-10-27 17:41:39,867 INFO    Thread-8  :21672 [dir_watcher.py:_on_file_created():217] file/dir created: /Users/alexanderveicht/Desktop/Semester1/Advanced Machine Learning/Tasks.nosync/task1/wandb/run-20211027_174137-2qe0860e/files/wandb-summary.json
2021-10-27 17:41:40,941 DEBUG   HandlerThread:21672 [meta.py:__init__():40] meta init
2021-10-27 17:41:40,941 DEBUG   HandlerThread:21672 [meta.py:__init__():54] meta init done
2021-10-27 17:41:40,941 DEBUG   HandlerThread:21672 [meta.py:probe():212] probe
2021-10-27 17:41:40,942 DEBUG   HandlerThread:21672 [git.py:repo():33] git repository is invalid
2021-10-27 17:41:40,942 DEBUG   HandlerThread:21672 [meta.py:_save_pip():58] save pip
2021-10-27 17:41:40,943 DEBUG   HandlerThread:21672 [meta.py:_save_pip():72] save pip done
2021-10-27 17:41:40,943 DEBUG   HandlerThread:21672 [meta.py:_save_conda():79] save conda
2021-10-27 17:41:41,881 INFO    Thread-8  :21672 [dir_watcher.py:_on_file_created():217] file/dir created: /Users/alexanderveicht/Desktop/Semester1/Advanced Machine Learning/Tasks.nosync/task1/wandb/run-20211027_174137-2qe0860e/files/conda-environment.yaml
2021-10-27 17:41:41,884 INFO    Thread-8  :21672 [dir_watcher.py:_on_file_created():217] file/dir created: /Users/alexanderveicht/Desktop/Semester1/Advanced Machine Learning/Tasks.nosync/task1/wandb/run-20211027_174137-2qe0860e/files/requirements.txt
2021-10-27 17:41:43,728 DEBUG   HandlerThread:21672 [meta.py:_save_conda():87] save conda done
2021-10-27 17:41:43,728 DEBUG   HandlerThread:21672 [meta.py:probe():250] probe done
2021-10-27 17:41:43,733 DEBUG   HandlerThread:21672 [handler.py:handle_request():130] handle_request: stop_status
2021-10-27 17:41:43,734 DEBUG   SenderThread:21672 [sender.py:send_request():199] send_request: stop_status
2021-10-27 17:41:43,890 DEBUG   SenderThread:21672 [sender.py:send():185] send: files
2021-10-27 17:41:43,890 INFO    Thread-8  :21672 [dir_watcher.py:_on_file_modified():230] file/dir modified: /Users/alexanderveicht/Desktop/Semester1/Advanced Machine Learning/Tasks.nosync/task1/wandb/run-20211027_174137-2qe0860e/files/conda-environment.yaml
2021-10-27 17:41:43,891 INFO    SenderThread:21672 [sender.py:_save_file():901] saving file wandb-metadata.json with policy now
2021-10-27 17:41:43,891 INFO    Thread-8  :21672 [dir_watcher.py:_on_file_created():217] file/dir created: /Users/alexanderveicht/Desktop/Semester1/Advanced Machine Learning/Tasks.nosync/task1/wandb/run-20211027_174137-2qe0860e/files/output.log
2021-10-27 17:41:43,891 INFO    Thread-8  :21672 [dir_watcher.py:_on_file_created():217] file/dir created: /Users/alexanderveicht/Desktop/Semester1/Advanced Machine Learning/Tasks.nosync/task1/wandb/run-20211027_174137-2qe0860e/files/wandb-metadata.json
2021-10-27 17:41:44,386 INFO    Thread-11 :21672 [upload_job.py:push():137] Uploaded file /var/folders/_l/046z4ydj1ws352k0t08q4sm00000gn/T/tmpdyiqzhnzwandb/vuvc7t34-wandb-metadata.json
2021-10-27 17:44:08,181 DEBUG   SenderThread:21672 [sender.py:send():185] send: history
2021-10-27 17:44:08,182 DEBUG   SenderThread:21672 [sender.py:send():185] send: summary
2021-10-27 17:44:08,182 INFO    SenderThread:21672 [sender.py:_save_file():901] saving file wandb-summary.json with policy end
2021-10-27 17:44:08,641 INFO    Thread-8  :21672 [dir_watcher.py:_on_file_modified():230] file/dir modified: /Users/alexanderveicht/Desktop/Semester1/Advanced Machine Learning/Tasks.nosync/task1/wandb/run-20211027_174137-2qe0860e/files/wandb-summary.json
2021-10-27 17:44:08,643 DEBUG   SenderThread:21672 [sender.py:send():185] send: telemetry
2021-10-27 17:44:08,644 DEBUG   HandlerThread:21672 [handler.py:handle_request():130] handle_request: poll_exit
2021-10-27 17:44:08,644 DEBUG   SenderThread:21672 [sender.py:send():185] send: exit
2021-10-27 17:44:08,644 INFO    SenderThread:21672 [sender.py:send_exit():317] handling exit code: 0
2021-10-27 17:44:08,645 INFO    SenderThread:21672 [sender.py:send_exit():319] handling runtime: 149
2021-10-27 17:44:08,646 INFO    SenderThread:21672 [sender.py:_save_file():901] saving file wandb-summary.json with policy end
2021-10-27 17:44:08,646 INFO    SenderThread:21672 [sender.py:send_exit():329] send defer
2021-10-27 17:44:08,646 DEBUG   SenderThread:21672 [sender.py:send_request():199] send_request: poll_exit
2021-10-27 17:44:08,647 DEBUG   HandlerThread:21672 [handler.py:handle_request():130] handle_request: defer
2021-10-27 17:44:08,647 INFO    HandlerThread:21672 [handler.py:handle_request_defer():147] handle defer: 0
2021-10-27 17:44:08,647 DEBUG   SenderThread:21672 [sender.py:send_request():199] send_request: defer
2021-10-27 17:44:08,647 INFO    SenderThread:21672 [sender.py:send_request_defer():338] handle sender defer: 0
2021-10-27 17:44:08,648 INFO    SenderThread:21672 [sender.py:transition_state():342] send defer: 1
2021-10-27 17:44:08,648 DEBUG   HandlerThread:21672 [handler.py:handle_request():130] handle_request: defer
2021-10-27 17:44:08,648 INFO    HandlerThread:21672 [handler.py:handle_request_defer():147] handle defer: 1
2021-10-27 17:44:08,715 DEBUG   SenderThread:21672 [sender.py:send_request():199] send_request: defer
2021-10-27 17:44:08,715 INFO    SenderThread:21672 [sender.py:send_request_defer():338] handle sender defer: 1
2021-10-27 17:44:08,715 INFO    SenderThread:21672 [sender.py:transition_state():342] send defer: 2
2021-10-27 17:44:08,716 DEBUG   SenderThread:21672 [sender.py:send():185] send: stats
2021-10-27 17:44:08,716 DEBUG   HandlerThread:21672 [handler.py:handle_request():130] handle_request: defer
2021-10-27 17:44:08,716 INFO    HandlerThread:21672 [handler.py:handle_request_defer():147] handle defer: 2
2021-10-27 17:44:08,717 DEBUG   SenderThread:21672 [sender.py:send_request():199] send_request: defer
2021-10-27 17:44:08,717 INFO    SenderThread:21672 [sender.py:send_request_defer():338] handle sender defer: 2
2021-10-27 17:44:08,717 INFO    SenderThread:21672 [sender.py:transition_state():342] send defer: 3
2021-10-27 17:44:08,717 DEBUG   HandlerThread:21672 [handler.py:handle_request():130] handle_request: defer
2021-10-27 17:44:08,717 INFO    HandlerThread:21672 [handler.py:handle_request_defer():147] handle defer: 3
2021-10-27 17:44:08,717 DEBUG   SenderThread:21672 [sender.py:send():185] send: summary
2021-10-27 17:44:08,718 INFO    SenderThread:21672 [sender.py:_save_file():901] saving file wandb-summary.json with policy end
2021-10-27 17:44:08,718 DEBUG   SenderThread:21672 [sender.py:send_request():199] send_request: defer
2021-10-27 17:44:08,718 INFO    SenderThread:21672 [sender.py:send_request_defer():338] handle sender defer: 3
2021-10-27 17:44:08,718 INFO    SenderThread:21672 [sender.py:transition_state():342] send defer: 4
2021-10-27 17:44:08,719 DEBUG   HandlerThread:21672 [handler.py:handle_request():130] handle_request: defer
2021-10-27 17:44:08,719 INFO    HandlerThread:21672 [handler.py:handle_request_defer():147] handle defer: 4
2021-10-27 17:44:08,719 DEBUG   SenderThread:21672 [sender.py:send_request():199] send_request: defer
2021-10-27 17:44:08,719 INFO    SenderThread:21672 [sender.py:send_request_defer():338] handle sender defer: 4
2021-10-27 17:44:08,756 DEBUG   HandlerThread:21672 [handler.py:handle_request():130] handle_request: poll_exit
2021-10-27 17:44:09,648 INFO    Thread-8  :21672 [dir_watcher.py:_on_file_modified():230] file/dir modified: /Users/alexanderveicht/Desktop/Semester1/Advanced Machine Learning/Tasks.nosync/task1/wandb/run-20211027_174137-2qe0860e/files/wandb-summary.json
2021-10-27 17:44:12,118 ERROR   SenderThread:21672 [retry.py:__call__():126] Retry attempt failed:
Traceback (most recent call last):
  File "/usr/local/Caskroom/miniconda/base/lib/python3.8/site-packages/urllib3/connection.py", line 169, in _new_conn
    conn = connection.create_connection(
  File "/usr/local/Caskroom/miniconda/base/lib/python3.8/site-packages/urllib3/util/connection.py", line 73, in create_connection
    for res in socket.getaddrinfo(host, port, family, socket.SOCK_STREAM):
  File "/usr/local/Caskroom/miniconda/base/lib/python3.8/socket.py", line 918, in getaddrinfo
    for res in _socket.getaddrinfo(host, port, family, type, proto, flags):
socket.gaierror: [Errno 8] nodename nor servname provided, or not known

During handling of the above exception, another exception occurred:

Traceback (most recent call last):
  File "/usr/local/Caskroom/miniconda/base/lib/python3.8/site-packages/urllib3/connectionpool.py", line 699, in urlopen
    httplib_response = self._make_request(
  File "/usr/local/Caskroom/miniconda/base/lib/python3.8/site-packages/urllib3/connectionpool.py", line 382, in _make_request
    self._validate_conn(conn)
  File "/usr/local/Caskroom/miniconda/base/lib/python3.8/site-packages/urllib3/connectionpool.py", line 1010, in _validate_conn
    conn.connect()
  File "/usr/local/Caskroom/miniconda/base/lib/python3.8/site-packages/urllib3/connection.py", line 353, in connect
    conn = self._new_conn()
  File "/usr/local/Caskroom/miniconda/base/lib/python3.8/site-packages/urllib3/connection.py", line 181, in _new_conn
    raise NewConnectionError(
urllib3.exceptions.NewConnectionError: <urllib3.connection.HTTPSConnection object at 0x7fbbf4015460>: Failed to establish a new connection: [Errno 8] nodename nor servname provided, or not known

During handling of the above exception, another exception occurred:

Traceback (most recent call last):
  File "/usr/local/Caskroom/miniconda/base/lib/python3.8/site-packages/requests/adapters.py", line 439, in send
    resp = conn.urlopen(
  File "/usr/local/Caskroom/miniconda/base/lib/python3.8/site-packages/urllib3/connectionpool.py", line 755, in urlopen
    retries = retries.increment(
  File "/usr/local/Caskroom/miniconda/base/lib/python3.8/site-packages/urllib3/util/retry.py", line 574, in increment
    raise MaxRetryError(_pool, url, error or ResponseError(cause))
urllib3.exceptions.MaxRetryError: HTTPSConnectionPool(host='api.wandb.ai', port=443): Max retries exceeded with url: /graphql (Caused by NewConnectionError('<urllib3.connection.HTTPSConnection object at 0x7fbbf4015460>: Failed to establish a new connection: [Errno 8] nodename nor servname provided, or not known'))

During handling of the above exception, another exception occurred:

Traceback (most recent call last):
  File "/usr/local/Caskroom/miniconda/base/lib/python3.8/site-packages/wandb/sdk/lib/retry.py", line 102, in __call__
    result = self._call_fn(*args, **kwargs)
  File "/usr/local/Caskroom/miniconda/base/lib/python3.8/site-packages/wandb/sdk/internal/internal_api.py", line 141, in execute
    return self.client.execute(*args, **kwargs)
  File "/usr/local/Caskroom/miniconda/base/lib/python3.8/site-packages/wandb/vendor/gql-0.2.0/gql/client.py", line 52, in execute
    result = self._get_result(document, *args, **kwargs)
  File "/usr/local/Caskroom/miniconda/base/lib/python3.8/site-packages/wandb/vendor/gql-0.2.0/gql/client.py", line 60, in _get_result
    return self.transport.execute(document, *args, **kwargs)
  File "/usr/local/Caskroom/miniconda/base/lib/python3.8/site-packages/wandb/vendor/gql-0.2.0/gql/transport/requests.py", line 38, in execute
    request = requests.post(self.url, **post_args)
  File "/usr/local/Caskroom/miniconda/base/lib/python3.8/site-packages/requests/api.py", line 119, in post
    return request('post', url, data=data, json=json, **kwargs)
  File "/usr/local/Caskroom/miniconda/base/lib/python3.8/site-packages/requests/api.py", line 61, in request
    return session.request(method=method, url=url, **kwargs)
  File "/usr/local/Caskroom/miniconda/base/lib/python3.8/site-packages/requests/sessions.py", line 542, in request
    resp = self.send(prep, **send_kwargs)
  File "/usr/local/Caskroom/miniconda/base/lib/python3.8/site-packages/requests/sessions.py", line 655, in send
    r = adapter.send(request, **kwargs)
  File "/usr/local/Caskroom/miniconda/base/lib/python3.8/site-packages/requests/adapters.py", line 516, in send
    raise ConnectionError(e, request=request)
requests.exceptions.ConnectionError: HTTPSConnectionPool(host='api.wandb.ai', port=443): Max retries exceeded with url: /graphql (Caused by NewConnectionError('<urllib3.connection.HTTPSConnection object at 0x7fbbf4015460>: Failed to establish a new connection: [Errno 8] nodename nor servname provided, or not known'))
2021-10-27 17:44:13,867 DEBUG   HandlerThread:21672 [handler.py:handle_request():130] handle_request: poll_exit
2021-10-27 17:44:50,143 WARNING FileStreamThread:21672 [file_stream.py:request_with_retry():461] requests_with_retry encountered retryable exception: HTTPSConnectionPool(host='api.wandb.ai', port=443): Read timed out. (read timeout=None). func: <bound method Session.post of <requests.sessions.Session object at 0x7fbbed82e970>>, args: ('https://api.wandb.ai/files/veichta/AML_t1/2qe0860e/file_stream',), kwargs: {'json': {'complete': False, 'failed': False, 'dropped': 0, 'uploaded': ['wandb-metadata.json']}}
2021-10-27 17:44:50,479 DEBUG   HandlerThread:21672 [handler.py:handle_request():130] handle_request: poll_exit
2021-10-27 17:44:52,384 WARNING FileStreamThread:21672 [file_stream.py:request_with_retry():461] requests_with_retry encountered retryable exception: HTTPSConnectionPool(host='api.wandb.ai', port=443): Max retries exceeded with url: /files/veichta/AML_t1/2qe0860e/file_stream (Caused by NewConnectionError('<urllib3.connection.HTTPSConnection object at 0x7fbbf4015700>: Failed to establish a new connection: [Errno 8] nodename nor servname provided, or not known')). func: <bound method Session.post of <requests.sessions.Session object at 0x7fbbed82e970>>, args: ('https://api.wandb.ai/files/veichta/AML_t1/2qe0860e/file_stream',), kwargs: {'json': {'complete': False, 'failed': False, 'dropped': 0, 'uploaded': ['wandb-metadata.json']}}
2021-10-27 17:44:55,591 DEBUG   HandlerThread:21672 [handler.py:handle_request():130] handle_request: poll_exit
2021-10-27 17:44:56,675 WARNING FileStreamThread:21672 [file_stream.py:request_with_retry():461] requests_with_retry encountered retryable exception: HTTPSConnectionPool(host='api.wandb.ai', port=443): Max retries exceeded with url: /files/veichta/AML_t1/2qe0860e/file_stream (Caused by NewConnectionError('<urllib3.connection.HTTPSConnection object at 0x7fbbf4015670>: Failed to establish a new connection: [Errno 8] nodename nor servname provided, or not known')). func: <bound method Session.post of <requests.sessions.Session object at 0x7fbbed82e970>>, args: ('https://api.wandb.ai/files/veichta/AML_t1/2qe0860e/file_stream',), kwargs: {'json': {'complete': False, 'failed': False, 'dropped': 0, 'uploaded': ['wandb-metadata.json']}}
2021-10-27 18:13:16,959 DEBUG   HandlerThread:21672 [handler.py:handle_request():130] handle_request: poll_exit
2021-10-27 18:13:21,983 WARNING FileStreamThread:21672 [file_stream.py:request_with_retry():461] requests_with_retry encountered retryable exception: HTTPSConnectionPool(host='api.wandb.ai', port=443): Max retries exceeded with url: /files/veichta/AML_t1/2qe0860e/file_stream (Caused by NewConnectionError('<urllib3.connection.HTTPSConnection object at 0x7fbbf4015730>: Failed to establish a new connection: [Errno 8] nodename nor servname provided, or not known')). func: <bound method Session.post of <requests.sessions.Session object at 0x7fbbed82e970>>, args: ('https://api.wandb.ai/files/veichta/AML_t1/2qe0860e/file_stream',), kwargs: {'json': {'complete': False, 'failed': False, 'dropped': 0, 'uploaded': ['wandb-metadata.json']}}
2021-10-27 18:13:22,064 DEBUG   HandlerThread:21672 [handler.py:handle_request():130] handle_request: poll_exit
2021-10-27 18:13:27,173 DEBUG   HandlerThread:21672 [handler.py:handle_request():130] handle_request: poll_exit
2021-10-27 18:13:32,278 DEBUG   HandlerThread:21672 [handler.py:handle_request():130] handle_request: poll_exit
2021-10-27 18:13:37,448 DEBUG   HandlerThread:21672 [handler.py:handle_request():130] handle_request: poll_exit
2021-10-27 18:13:42,556 DEBUG   HandlerThread:21672 [handler.py:handle_request():130] handle_request: poll_exit
2021-10-27 18:13:47,662 DEBUG   HandlerThread:21672 [handler.py:handle_request():130] handle_request: poll_exit
2021-10-27 18:13:52,767 DEBUG   HandlerThread:21672 [handler.py:handle_request():130] handle_request: poll_exit
2021-10-27 18:13:57,874 DEBUG   HandlerThread:21672 [handler.py:handle_request():130] handle_request: poll_exit
2021-10-27 18:14:02,984 DEBUG   HandlerThread:21672 [handler.py:handle_request():130] handle_request: poll_exit
2021-10-27 18:14:06,405 INFO    SenderThread:21672 [sender.py:transition_state():342] send defer: 5
2021-10-27 18:14:06,405 DEBUG   SenderThread:21672 [sender.py:send_request():199] send_request: poll_exit
2021-10-27 18:14:06,405 DEBUG   SenderThread:21672 [sender.py:send_request():199] send_request: poll_exit
2021-10-27 18:14:06,406 DEBUG   HandlerThread:21672 [handler.py:handle_request():130] handle_request: defer
2021-10-27 18:14:06,406 DEBUG   SenderThread:21672 [sender.py:send_request():199] send_request: poll_exit
2021-10-27 18:14:06,406 INFO    HandlerThread:21672 [handler.py:handle_request_defer():147] handle defer: 5
2021-10-27 18:14:06,406 DEBUG   SenderThread:21672 [sender.py:send_request():199] send_request: poll_exit
2021-10-27 18:14:06,407 DEBUG   SenderThread:21672 [sender.py:send_request():199] send_request: poll_exit
2021-10-27 18:14:06,407 DEBUG   SenderThread:21672 [sender.py:send_request():199] send_request: poll_exit
2021-10-27 18:14:06,408 DEBUG   SenderThread:21672 [sender.py:send_request():199] send_request: poll_exit
2021-10-27 18:14:06,409 DEBUG   SenderThread:21672 [sender.py:send_request():199] send_request: poll_exit
2021-10-27 18:14:06,409 DEBUG   SenderThread:21672 [sender.py:send_request():199] send_request: poll_exit
2021-10-27 18:14:06,409 DEBUG   SenderThread:21672 [sender.py:send_request():199] send_request: poll_exit
2021-10-27 18:14:06,410 DEBUG   SenderThread:21672 [sender.py:send_request():199] send_request: poll_exit
2021-10-27 18:14:06,410 DEBUG   SenderThread:21672 [sender.py:send_request():199] send_request: poll_exit
2021-10-27 18:14:06,410 DEBUG   SenderThread:21672 [sender.py:send_request():199] send_request: poll_exit
2021-10-27 18:14:06,410 DEBUG   SenderThread:21672 [sender.py:send_request():199] send_request: poll_exit
2021-10-27 18:14:06,411 DEBUG   SenderThread:21672 [sender.py:send_request():199] send_request: defer
2021-10-27 18:14:06,411 INFO    SenderThread:21672 [sender.py:send_request_defer():338] handle sender defer: 5
2021-10-27 18:14:06,411 INFO    SenderThread:21672 [dir_watcher.py:finish():283] shutting down directory watcher
2021-10-27 18:14:06,515 DEBUG   HandlerThread:21672 [handler.py:handle_request():130] handle_request: poll_exit
2021-10-27 18:14:07,022 INFO    SenderThread:21672 [dir_watcher.py:_on_file_modified():230] file/dir modified: /Users/alexanderveicht/Desktop/Semester1/Advanced Machine Learning/Tasks.nosync/task1/wandb/run-20211027_174137-2qe0860e/files/config.yaml
2021-10-27 18:14:07,023 INFO    SenderThread:21672 [dir_watcher.py:finish():313] scan: /Users/alexanderveicht/Desktop/Semester1/Advanced Machine Learning/Tasks.nosync/task1/wandb/run-20211027_174137-2qe0860e/files
2021-10-27 18:14:07,025 INFO    SenderThread:21672 [dir_watcher.py:finish():327] scan save: /Users/alexanderveicht/Desktop/Semester1/Advanced Machine Learning/Tasks.nosync/task1/wandb/run-20211027_174137-2qe0860e/files/requirements.txt requirements.txt
2021-10-27 18:14:07,025 INFO    SenderThread:21672 [dir_watcher.py:finish():327] scan save: /Users/alexanderveicht/Desktop/Semester1/Advanced Machine Learning/Tasks.nosync/task1/wandb/run-20211027_174137-2qe0860e/files/output.log output.log
2021-10-27 18:14:07,029 INFO    SenderThread:21672 [dir_watcher.py:finish():327] scan save: /Users/alexanderveicht/Desktop/Semester1/Advanced Machine Learning/Tasks.nosync/task1/wandb/run-20211027_174137-2qe0860e/files/config.yaml config.yaml
2021-10-27 18:14:07,029 INFO    SenderThread:21672 [dir_watcher.py:finish():327] scan save: /Users/alexanderveicht/Desktop/Semester1/Advanced Machine Learning/Tasks.nosync/task1/wandb/run-20211027_174137-2qe0860e/files/wandb-summary.json wandb-summary.json
2021-10-27 18:14:07,030 INFO    SenderThread:21672 [dir_watcher.py:finish():327] scan save: /Users/alexanderveicht/Desktop/Semester1/Advanced Machine Learning/Tasks.nosync/task1/wandb/run-20211027_174137-2qe0860e/files/conda-environment.yaml conda-environment.yaml
2021-10-27 18:14:07,033 INFO    SenderThread:21672 [dir_watcher.py:finish():327] scan save: /Users/alexanderveicht/Desktop/Semester1/Advanced Machine Learning/Tasks.nosync/task1/wandb/run-20211027_174137-2qe0860e/files/wandb-metadata.json wandb-metadata.json
2021-10-27 18:14:07,035 INFO    SenderThread:21672 [sender.py:transition_state():342] send defer: 6
2021-10-27 18:14:07,036 DEBUG   SenderThread:21672 [sender.py:send_request():199] send_request: poll_exit
2021-10-27 18:14:07,038 DEBUG   HandlerThread:21672 [handler.py:handle_request():130] handle_request: defer
2021-10-27 18:14:07,040 INFO    HandlerThread:21672 [handler.py:handle_request_defer():147] handle defer: 6
2021-10-27 18:14:07,041 DEBUG   SenderThread:21672 [sender.py:send_request():199] send_request: defer
2021-10-27 18:14:07,042 INFO    SenderThread:21672 [sender.py:send_request_defer():338] handle sender defer: 6
2021-10-27 18:14:07,042 INFO    SenderThread:21672 [file_pusher.py:finish():177] shutting down file pusher
2021-10-27 18:14:07,143 DEBUG   HandlerThread:21672 [handler.py:handle_request():130] handle_request: poll_exit
2021-10-27 18:14:07,143 DEBUG   SenderThread:21672 [sender.py:send_request():199] send_request: poll_exit
2021-10-27 18:14:07,250 DEBUG   HandlerThread:21672 [handler.py:handle_request():130] handle_request: poll_exit
2021-10-27 18:14:07,251 DEBUG   SenderThread:21672 [sender.py:send_request():199] send_request: poll_exit
2021-10-27 18:14:07,354 DEBUG   HandlerThread:21672 [handler.py:handle_request():130] handle_request: poll_exit
2021-10-27 18:14:07,354 DEBUG   SenderThread:21672 [sender.py:send_request():199] send_request: poll_exit
2021-10-27 18:14:07,461 DEBUG   HandlerThread:21672 [handler.py:handle_request():130] handle_request: poll_exit
2021-10-27 18:14:07,461 DEBUG   SenderThread:21672 [sender.py:send_request():199] send_request: poll_exit
2021-10-27 18:14:07,568 DEBUG   HandlerThread:21672 [handler.py:handle_request():130] handle_request: poll_exit
2021-10-27 18:14:07,568 DEBUG   SenderThread:21672 [sender.py:send_request():199] send_request: poll_exit
2021-10-27 18:14:07,602 INFO    Thread-14 :21672 [upload_job.py:push():137] Uploaded file /Users/alexanderveicht/Desktop/Semester1/Advanced Machine Learning/Tasks.nosync/task1/wandb/run-20211027_174137-2qe0860e/files/wandb-summary.json
2021-10-27 18:14:07,604 INFO    Thread-13 :21672 [upload_job.py:push():137] Uploaded file /Users/alexanderveicht/Desktop/Semester1/Advanced Machine Learning/Tasks.nosync/task1/wandb/run-20211027_174137-2qe0860e/files/config.yaml
2021-10-27 18:14:07,612 INFO    Thread-12 :21672 [upload_job.py:push():137] Uploaded file /Users/alexanderveicht/Desktop/Semester1/Advanced Machine Learning/Tasks.nosync/task1/wandb/run-20211027_174137-2qe0860e/files/requirements.txt
2021-10-27 18:14:07,637 INFO    Thread-15 :21672 [upload_job.py:push():137] Uploaded file /Users/alexanderveicht/Desktop/Semester1/Advanced Machine Learning/Tasks.nosync/task1/wandb/run-20211027_174137-2qe0860e/files/conda-environment.yaml
2021-10-27 18:14:07,671 DEBUG   HandlerThread:21672 [handler.py:handle_request():130] handle_request: poll_exit
2021-10-27 18:14:07,671 DEBUG   SenderThread:21672 [sender.py:send_request():199] send_request: poll_exit
2021-10-27 18:14:07,776 DEBUG   HandlerThread:21672 [handler.py:handle_request():130] handle_request: poll_exit
2021-10-27 18:14:07,776 DEBUG   SenderThread:21672 [sender.py:send_request():199] send_request: poll_exit
2021-10-27 18:14:07,841 INFO    Thread-7  :21672 [sender.py:transition_state():342] send defer: 7
2021-10-27 18:14:07,842 DEBUG   HandlerThread:21672 [handler.py:handle_request():130] handle_request: defer
2021-10-27 18:14:07,842 INFO    HandlerThread:21672 [handler.py:handle_request_defer():147] handle defer: 7
2021-10-27 18:14:07,842 DEBUG   SenderThread:21672 [sender.py:send_request():199] send_request: defer
2021-10-27 18:14:07,842 INFO    SenderThread:21672 [sender.py:send_request_defer():338] handle sender defer: 7
2021-10-27 18:14:07,882 DEBUG   HandlerThread:21672 [handler.py:handle_request():130] handle_request: poll_exit
2021-10-27 18:14:07,986 INFO    SenderThread:21672 [sender.py:transition_state():342] send defer: 8
2021-10-27 18:14:07,986 DEBUG   SenderThread:21672 [sender.py:send_request():199] send_request: poll_exit
2021-10-27 18:14:07,986 DEBUG   HandlerThread:21672 [handler.py:handle_request():130] handle_request: defer
2021-10-27 18:14:07,986 INFO    HandlerThread:21672 [handler.py:handle_request_defer():147] handle defer: 8
2021-10-27 18:14:07,987 DEBUG   SenderThread:21672 [sender.py:send_request():199] send_request: defer
2021-10-27 18:14:07,987 INFO    SenderThread:21672 [sender.py:send_request_defer():338] handle sender defer: 8
2021-10-27 18:14:07,987 INFO    SenderThread:21672 [sender.py:transition_state():342] send defer: 9
2021-10-27 18:14:07,987 DEBUG   SenderThread:21672 [sender.py:send():185] send: final
2021-10-27 18:14:07,987 DEBUG   SenderThread:21672 [sender.py:send():185] send: footer
2021-10-27 18:14:07,988 DEBUG   HandlerThread:21672 [handler.py:handle_request():130] handle_request: defer
2021-10-27 18:14:07,988 INFO    HandlerThread:21672 [handler.py:handle_request_defer():147] handle defer: 9
2021-10-27 18:14:07,988 DEBUG   SenderThread:21672 [sender.py:send_request():199] send_request: defer
2021-10-27 18:14:07,988 INFO    SenderThread:21672 [sender.py:send_request_defer():338] handle sender defer: 9
2021-10-27 18:14:08,089 DEBUG   HandlerThread:21672 [handler.py:handle_request():130] handle_request: poll_exit
2021-10-27 18:14:08,090 DEBUG   SenderThread:21672 [sender.py:send_request():199] send_request: poll_exit
2021-10-27 18:14:08,090 INFO    SenderThread:21672 [file_pusher.py:join():182] waiting for file pusher
2021-10-27 18:14:08,404 DEBUG   HandlerThread:21672 [handler.py:handle_request():130] handle_request: get_summary
2021-10-27 18:14:08,405 DEBUG   HandlerThread:21672 [handler.py:handle_request():130] handle_request: sampled_history
2021-10-27 18:14:08,406 DEBUG   HandlerThread:21672 [handler.py:handle_request():130] handle_request: shutdown
2021-10-27 18:14:08,407 INFO    HandlerThread:21672 [handler.py:finish():731] shutting down handler
2021-10-27 18:14:08,993 INFO    WriterThread:21672 [datastore.py:close():281] close: /Users/alexanderveicht/Desktop/Semester1/Advanced Machine Learning/Tasks.nosync/task1/wandb/run-20211027_174137-2qe0860e/run-2qe0860e.wandb
2021-10-27 18:14:09,404 INFO    SenderThread:21672 [sender.py:finish():1029] shutting down sender
2021-10-27 18:14:09,404 INFO    SenderThread:21672 [file_pusher.py:finish():177] shutting down file pusher
2021-10-27 18:14:09,404 INFO    SenderThread:21672 [file_pusher.py:join():182] waiting for file pusher
2021-10-27 18:14:09,408 INFO    MainThread:21672 [internal.py:handle_exit():78] Internal process exited
